c:\users\alive\desktop\library\library\debug\vc141.pdb
c:\users\alive\desktop\library\library\debug\useraccount.obj
c:\users\alive\desktop\library\library\debug\myform1.obj
c:\users\alive\desktop\library\library\debug\library.obj
c:\users\alive\desktop\library\library\debug\libmodel.obj
c:\users\alive\desktop\library\library\debug\book.obj
c:\users\alive\desktop\library\library\debug\.netframework,version=v4.6.1.assemblyattributes.obj
c:\users\alive\desktop\library\library\debug\.netframework,version=v4.6.1.assemblyattributes.asm
c:\users\alive\desktop\library\library\debug\myform.obj
c:\users\alive\desktop\library\library\debug\mainform.obj
c:\users\alive\desktop\library\library\debug\library.library.resources
c:\users\alive\desktop\library\library\debug\library.mainform.resources
c:\users\alive\desktop\library\library\debug\library.myform.resources
c:\users\alive\desktop\library\library\debug\library.myform1.resources
c:\users\alive\desktop\library\library\debug\library.resource.resources
c:\users\alive\desktop\library\debug\library.exe
c:\users\alive\desktop\library\debug\library.pdb
c:\users\alive\desktop\library\library\debug\library.vcxproj.generateresource.cache
c:\users\alive\desktop\library\library\debug\library.vcxprojresolveassemblyreference.cache
c:\users\alive\desktop\library\library\debug\library.tlog\cl.command.1.tlog
c:\users\alive\desktop\library\library\debug\library.tlog\cl.read.1.tlog
c:\users\alive\desktop\library\library\debug\library.tlog\cl.write.1.tlog
c:\users\alive\desktop\library\library\debug\library.tlog\library.write.1u.tlog
c:\users\alive\desktop\library\library\debug\library.tlog\link.command.1.tlog
c:\users\alive\desktop\library\library\debug\library.tlog\link.read.1.tlog
c:\users\alive\desktop\library\library\debug\library.tlog\link.write.1.tlog
c:\users\alive\desktop\library\library\debug\library.tlog\metagen.read.1.tlog
c:\users\alive\desktop\library\library\debug\library.tlog\metagen.write.1.tlog
